time="2024-07-19 14:34:19" level=error msg="CreateFile ./static/imgs/product/boss3/西瓜耶耶/: The system cannot find the path specified."
time="2024-07-19 15:04:24" level=error msg="CreateFile ./static/imgs/product/boss3/西瓜耶耶/: The system cannot find the path specified."
time="2024-07-19 15:16:44" level=error msg="CreateFile ./static/imgs/product/boss3/西瓜耶耶/: The system cannot find the path specified."
time="2024-07-19 15:23:19" level=error msg="CreateFile ./static/imgs/product/boss3/西瓜耶耶/: The system cannot find the path specified."
time="2024-07-19 15:32:50" level=error msg="CreateFile ./static/imgs/product/boss3/西瓜耶耶/: The system cannot find the path specified."
time="2024-07-19 15:37:59" level=error msg="CreateFile ./static/imgs/product/boss3/西瓜耶耶/: The system cannot find the path specified."
time="2024-07-19 15:47:48" level=error msg="CreateFile ./static/imgs/product/boss3/西瓜爆爆/: The system cannot find the file specified."
time="2024-07-19 15:52:14" level=error msg="Error 1054 (42S22): Unknown column 'favorite.deleted_at' in 'where clause'"
time="2024-07-19 15:52:14" level=info msg="Error 1054 (42S22): Unknown column 'favorite.deleted_at' in 'where clause'"
time="2024-07-19 16:07:44" level=error msg="Error 1054 (42S22): Unknown column 'favorite.deleted_at' in 'where clause'"
time="2024-07-19 16:07:44" level=info msg="Error 1054 (42S22): Unknown column 'favorite.deleted_at' in 'where clause'"
time="2024-07-19 16:24:34" level=error msg="Error 1054 (42S22): Unknown column 'favorite.deleted_at' in 'where clause'"
time="2024-07-19 16:24:34" level=info msg="Error 1054 (42S22): Unknown column 'favorite.deleted_at' in 'where clause'"
time="2024-07-19 16:37:36" level=error msg="Error 1054 (42S22): Unknown column 'favorite.deleted_at' in 'where clause'"
time="2024-07-19 16:37:36" level=info msg="Error 1054 (42S22): Unknown column 'favorite.deleted_at' in 'where clause'"
time="2024-07-19 16:38:06" level=error msg="Error 1054 (42S22): Unknown column 'favorite.deleted_at' in 'where clause'"
time="2024-07-19 16:38:06" level=info msg="Error 1054 (42S22): Unknown column 'favorite.deleted_at' in 'where clause'"
time="2024-07-19 16:39:31" level=error msg="Error 1054 (42S22): Unknown column 'f.created_at' in 'field list'"
time="2024-07-19 16:39:31" level=info msg="Error 1054 (42S22): Unknown column 'f.created_at' in 'field list'"
time="2024-07-19 16:40:47" level=error msg="Error 1054 (42S22): Unknown column 'favorite.deleted_at' in 'where clause'"
time="2024-07-19 16:40:47" level=info msg="Error 1054 (42S22): Unknown column 'favorite.deleted_at' in 'where clause'"
time="2024-07-19 16:41:41" level=error msg="Error 1054 (42S22): Unknown column 'favorite.deleted_at' in 'where clause'"
time="2024-07-19 16:41:41" level=info msg="Error 1054 (42S22): Unknown column 'favorite.deleted_at' in 'where clause'"
time="2024-07-19 16:43:00" level=error msg="Error 1054 (42S22): Unknown column 'favorite.deleted_at' in 'where clause'"
time="2024-07-19 16:43:00" level=info msg="Error 1054 (42S22): Unknown column 'favorite.deleted_at' in 'where clause'"
time="2024-07-19 16:43:09" level=error msg="Error 1054 (42S22): Unknown column 'favorite.deleted_at' in 'where clause'"
time="2024-07-19 16:43:09" level=info msg="Error 1054 (42S22): Unknown column 'favorite.deleted_at' in 'where clause'"
time="2024-07-19 16:43:21" level=error msg="Error 1054 (42S22): Unknown column 'favorite.deleted_at' in 'where clause'"
time="2024-07-19 16:43:21" level=info msg="Error 1054 (42S22): Unknown column 'favorite.deleted_at' in 'where clause'"
time="2024-07-19 16:43:23" level=error msg="Error 1054 (42S22): Unknown column 'favorite.deleted_at' in 'where clause'"
time="2024-07-19 16:43:23" level=info msg="Error 1054 (42S22): Unknown column 'favorite.deleted_at' in 'where clause'"
time="2024-07-19 16:43:33" level=error msg="Error 1054 (42S22): Unknown column 'favorite.deleted_at' in 'where clause'"
time="2024-07-19 16:43:33" level=info msg="Error 1054 (42S22): Unknown column 'favorite.deleted_at' in 'where clause'"
time="2024-07-19 16:43:47" level=error msg="Error 1054 (42S22): Unknown column 'favorite.deleted_at' in 'where clause'"
time="2024-07-19 16:43:47" level=info msg="Error 1054 (42S22): Unknown column 'favorite.deleted_at' in 'where clause'"
time="2024-07-19 16:45:32" level=error msg="Error 1054 (42S22): Unknown column 'favorite.deleted_at' in 'where clause'"
time="2024-07-19 16:45:32" level=info msg="Error 1054 (42S22): Unknown column 'favorite.deleted_at' in 'where clause'"
time="2024-07-19 17:24:55" level=error msg="record not found"
time="2024-07-19 17:24:55" level=error msg="record not found"
time="2024-07-19 18:09:25" level=error msg="record not found"
time="2024-07-19 18:09:25" level=error msg="record not found"
