time="2024-07-20 15:30:20" level=error msg="CreateFile ./static/imgs/product/boss4/西瓜爆爆/: The system cannot find the path specified."
time="2024-07-20 15:30:26" level=error msg="CreateFile ./static/imgs/product/boss4/西瓜1/: The system cannot find the file specified."
time="2024-07-20 15:30:28" level=error msg="CreateFile ./static/imgs/product/boss4/西瓜2/: The system cannot find the file specified."
time="2024-07-20 15:30:30" level=error msg="CreateFile ./static/imgs/product/boss4/西瓜3/: The system cannot find the file specified."
time="2024-07-20 15:30:32" level=error msg="CreateFile ./static/imgs/product/boss4/西瓜4/: The system cannot find the file specified."
time="2024-07-20 16:08:53" level=error msg="record not found"
time="2024-07-20 16:08:53" level=error msg="record not found"
time="2024-07-20 16:09:43" level=error msg="record not found"
time="2024-07-20 16:09:43" level=error msg="record not found"
time="2024-07-20 16:09:43" level=info msg="record not found"
time="2024-07-20 16:10:13" level=error msg="need the key to encrypt, please add it. "
time="2024-07-20 16:10:13" level=error msg="need the key to encrypt, please add it. "
time="2024-07-20 16:10:13" level=info msg="need the key to encrypt, please add it. "
time="2024-07-20 16:29:18" level=error msg="CreateFile ./static/imgs/product/boss1/西瓜1/: The system cannot find the path specified."
time="2024-07-20 16:29:21" level=error msg="CreateFile ./static/imgs/product/boss1/西瓜2/: The system cannot find the file specified."
time="2024-07-20 16:32:00" level=error msg="record not found"
time="2024-07-20 16:32:00" level=error msg="record not found"
time="2024-07-20 16:33:26" level=error msg="record not found"
time="2024-07-20 16:33:26" level=error msg="record not found"
time="2024-07-20 16:33:26" level=info msg="record not found"
